mode: set
github.com/williamkoller/payment-system/config/config.go:37.58,41.16 3 0
github.com/williamkoller/payment-system/config/config.go:41.16,43.3 1 0
github.com/williamkoller/payment-system/config/config.go:45.2,47.16 2 0
github.com/williamkoller/payment-system/config/config.go:47.16,49.3 1 0
github.com/williamkoller/payment-system/config/config.go:51.2,54.8 1 0
github.com/williamkoller/payment-system/config/config.go:57.56,64.2 2 0
github.com/williamkoller/payment-system/config/config.go:66.62,73.31 2 0
github.com/williamkoller/payment-system/config/config.go:73.31,75.3 1 0
github.com/williamkoller/payment-system/config/config.go:77.2,77.20 1 0
github.com/williamkoller/payment-system/config/config.go:81.66,83.16 2 0
github.com/williamkoller/payment-system/config/config.go:83.16,85.3 1 0
github.com/williamkoller/payment-system/config/config.go:86.2,94.16 2 0
github.com/williamkoller/payment-system/config/database.go:20.39,22.16 2 0
github.com/williamkoller/payment-system/config/database.go:22.16,23.13 1 0
github.com/williamkoller/payment-system/config/database.go:26.2,32.16 3 0
github.com/williamkoller/payment-system/config/database.go:32.16,34.3 1 0
github.com/williamkoller/payment-system/config/database.go:36.2,37.11 2 0
github.com/williamkoller/payment-system/config/database.go:40.60,42.16 2 0
github.com/williamkoller/payment-system/config/database.go:42.16,44.3 1 0
github.com/williamkoller/payment-system/config/database.go:46.2,47.16 2 0
github.com/williamkoller/payment-system/config/database.go:47.16,49.3 1 0
github.com/williamkoller/payment-system/config/database.go:51.2,52.16 2 0
github.com/williamkoller/payment-system/config/database.go:52.16,54.3 1 0
github.com/williamkoller/payment-system/config/database.go:56.2,56.26 1 0
github.com/williamkoller/payment-system/config/database.go:56.26,58.3 1 0
github.com/williamkoller/payment-system/config/database.go:60.2,61.16 2 0
github.com/williamkoller/payment-system/config/database.go:61.16,63.3 1 0
github.com/williamkoller/payment-system/config/database.go:65.2,65.31 1 0
github.com/williamkoller/payment-system/config/database.go:65.31,66.42 1 0
github.com/williamkoller/payment-system/config/database.go:66.42,69.4 2 0
github.com/williamkoller/payment-system/config/database.go:70.3,70.42 1 0
github.com/williamkoller/payment-system/config/database.go:73.2,73.55 1 0
github.com/williamkoller/payment-system/cmd/main.go:23.13,29.16 4 0
github.com/williamkoller/payment-system/cmd/main.go:29.16,31.3 1 0
github.com/williamkoller/payment-system/cmd/main.go:32.2,36.16 3 0
github.com/williamkoller/payment-system/cmd/main.go:36.16,38.3 1 0
github.com/williamkoller/payment-system/cmd/main.go:40.2,54.12 8 0
github.com/williamkoller/payment-system/cmd/main.go:54.12,56.87 2 0
github.com/williamkoller/payment-system/cmd/main.go:56.87,58.4 1 0
github.com/williamkoller/payment-system/cmd/main.go:61.2,69.37 7 0
github.com/williamkoller/payment-system/internal/payment/infra/memory_repository.go:16.64,20.2 1 0
github.com/williamkoller/payment-system/internal/payment/infra/memory_repository.go:22.67,27.2 4 0
github.com/williamkoller/payment-system/internal/payment/infra/memory_repository.go:29.82,33.9 4 0
github.com/williamkoller/payment-system/internal/payment/infra/memory_repository.go:33.9,35.3 1 0
github.com/williamkoller/payment-system/internal/payment/infra/memory_repository.go:36.2,36.15 1 0
github.com/williamkoller/payment-system/internal/payment/infra/memory_repository.go:39.74,43.27 4 0
github.com/williamkoller/payment-system/internal/payment/infra/memory_repository.go:43.27,45.3 1 0
github.com/williamkoller/payment-system/internal/payment/infra/memory_repository.go:46.2,46.16 1 0
github.com/williamkoller/payment-system/internal/payment/infra/memory_repository.go:49.61,54.2 4 0
github.com/williamkoller/payment-system/internal/payment/infra/memory_repository.go:56.69,61.2 4 0
github.com/williamkoller/payment-system/internal/payment/infra/memory_repository.go:63.94,67.9 4 0
github.com/williamkoller/payment-system/internal/payment/infra/memory_repository.go:67.9,69.3 1 0
github.com/williamkoller/payment-system/internal/payment/infra/memory_repository.go:70.2,70.15 1 0
github.com/williamkoller/payment-system/internal/payment/infra/memory_repository.go:73.106,76.27 3 0
github.com/williamkoller/payment-system/internal/payment/infra/memory_repository.go:76.27,77.46 1 0
github.com/williamkoller/payment-system/internal/payment/infra/memory_repository.go:77.46,79.4 1 0
github.com/williamkoller/payment-system/internal/payment/infra/memory_repository.go:82.2,82.17 1 0
github.com/williamkoller/payment-system/internal/payment/infra/stripe_client.go:30.59,36.51 1 0
github.com/williamkoller/payment-system/internal/payment/infra/stripe_client.go:36.51,38.4 1 0
github.com/williamkoller/payment-system/internal/payment/infra/stripe_client.go:39.62,41.4 1 0
github.com/williamkoller/payment-system/internal/payment/infra/stripe_client.go:43.2,43.46 1 0
github.com/williamkoller/payment-system/internal/payment/infra/stripe_client.go:46.37,51.2 2 0
github.com/williamkoller/payment-system/internal/payment/infra/stripe_client.go:53.156,54.58 1 0
github.com/williamkoller/payment-system/internal/payment/infra/stripe_client.go:54.58,55.10 1 0
github.com/williamkoller/payment-system/internal/payment/infra/stripe_client.go:56.21,57.25 1 0
github.com/williamkoller/payment-system/internal/payment/infra/stripe_client.go:58.11,58.11 0 0
github.com/williamkoller/payment-system/internal/payment/infra/stripe_client.go:60.3,64.35 4 0
github.com/williamkoller/payment-system/internal/payment/infra/stripe_client.go:64.35,76.18 3 0
github.com/williamkoller/payment-system/internal/payment/infra/stripe_client.go:76.18,78.5 1 0
github.com/williamkoller/payment-system/internal/payment/infra/stripe_client.go:80.4,81.34 2 0
github.com/williamkoller/payment-system/internal/payment/infra/stripe_client.go:81.34,82.40 1 0
github.com/williamkoller/payment-system/internal/payment/infra/stripe_client.go:82.40,84.6 1 0
github.com/williamkoller/payment-system/internal/payment/infra/stripe_client.go:85.5,85.74 1 0
github.com/williamkoller/payment-system/internal/payment/infra/stripe_client.go:85.74,87.6 1 0
github.com/williamkoller/payment-system/internal/payment/infra/stripe_client.go:90.4,92.16 3 0
github.com/williamkoller/payment-system/internal/payment/infra/stripe_client.go:95.3,95.22 1 0
github.com/williamkoller/payment-system/internal/payment/infra/stripe_client.go:98.2,98.16 1 0
github.com/williamkoller/payment-system/internal/payment/infra/stripe_client.go:98.16,100.3 1 0
github.com/williamkoller/payment-system/internal/payment/infra/stripe_client.go:102.2,103.9 2 0
github.com/williamkoller/payment-system/internal/payment/infra/stripe_client.go:103.9,105.3 1 0
github.com/williamkoller/payment-system/internal/payment/infra/stripe_client.go:107.2,107.16 1 0
github.com/williamkoller/payment-system/internal/payment/infra/stripe_client.go:110.72,111.58 1 0
github.com/williamkoller/payment-system/internal/payment/infra/stripe_client.go:111.58,112.10 1 0
github.com/williamkoller/payment-system/internal/payment/infra/stripe_client.go:113.21,114.25 1 0
github.com/williamkoller/payment-system/internal/payment/infra/stripe_client.go:115.11,115.11 0 0
github.com/williamkoller/payment-system/internal/payment/infra/stripe_client.go:118.3,118.75 1 0
github.com/williamkoller/payment-system/internal/payment/infra/stripe_client.go:121.2,121.16 1 0
github.com/williamkoller/payment-system/internal/payment/infra/stripe_client.go:121.16,123.3 1 0
github.com/williamkoller/payment-system/internal/payment/infra/stripe_client.go:125.2,125.50 1 0
github.com/williamkoller/payment-system/internal/payment/infra/stripe_client.go:125.50,127.3 1 0
github.com/williamkoller/payment-system/internal/payment/infra/stripe_client.go:129.2,129.12 1 0
github.com/williamkoller/payment-system/internal/payment/infra/stripe_client.go:132.71,133.58 1 0
github.com/williamkoller/payment-system/internal/payment/infra/stripe_client.go:133.58,134.10 1 0
github.com/williamkoller/payment-system/internal/payment/infra/stripe_client.go:135.21,136.25 1 0
github.com/williamkoller/payment-system/internal/payment/infra/stripe_client.go:137.11,137.11 0 0
github.com/williamkoller/payment-system/internal/payment/infra/stripe_client.go:140.3,140.73 1 0
github.com/williamkoller/payment-system/internal/payment/infra/stripe_client.go:143.2,143.16 1 0
github.com/williamkoller/payment-system/internal/payment/infra/stripe_client.go:143.16,145.3 1 0
github.com/williamkoller/payment-system/internal/payment/infra/stripe_client.go:147.2,147.50 1 0
github.com/williamkoller/payment-system/internal/payment/infra/stripe_client.go:147.50,149.3 1 0
github.com/williamkoller/payment-system/internal/payment/infra/stripe_client.go:151.2,151.12 1 0
github.com/williamkoller/payment-system/internal/payment/infra/stripe_client.go:154.89,157.53 2 0
github.com/williamkoller/payment-system/internal/payment/infra/stripe_client.go:157.53,158.10 1 0
github.com/williamkoller/payment-system/internal/payment/infra/stripe_client.go:159.21,160.25 1 0
github.com/williamkoller/payment-system/internal/payment/infra/stripe_client.go:161.11,161.11 0 0
github.com/williamkoller/payment-system/internal/payment/infra/stripe_client.go:164.3,169.28 2 0
github.com/williamkoller/payment-system/internal/payment/infra/stripe_client.go:172.2,172.12 1 0
github.com/williamkoller/payment-system/internal/healthz/router/router.go:5.45,6.41 1 0
github.com/williamkoller/payment-system/internal/healthz/router/router.go:6.41,8.3 1 0
github.com/williamkoller/payment-system/internal/healthz/router/router.go:10.2,10.10 1 0
github.com/williamkoller/payment-system/internal/payment/application/usecase.go:38.103,40.2 1 0
github.com/williamkoller/payment-system/internal/payment/application/usecase.go:42.85,47.16 4 0
github.com/williamkoller/payment-system/internal/payment/application/usecase.go:47.16,49.3 1 0
github.com/williamkoller/payment-system/internal/payment/application/usecase.go:51.2,51.28 1 0
github.com/williamkoller/payment-system/internal/payment/application/usecase.go:51.28,52.33 1 0
github.com/williamkoller/payment-system/internal/payment/application/usecase.go:53.31,54.84 1 0
github.com/williamkoller/payment-system/internal/payment/application/usecase.go:55.28,56.82 1 0
github.com/williamkoller/payment-system/internal/payment/application/usecase.go:57.11,58.108 1 0
github.com/williamkoller/payment-system/internal/payment/application/usecase.go:62.2,64.16 3 0
github.com/williamkoller/payment-system/internal/payment/application/usecase.go:64.16,66.3 1 0
github.com/williamkoller/payment-system/internal/payment/application/usecase.go:68.2,70.51 2 0
github.com/williamkoller/payment-system/internal/payment/application/usecase.go:70.51,72.3 1 0
github.com/williamkoller/payment-system/internal/payment/application/usecase.go:74.2,75.16 2 0
github.com/williamkoller/payment-system/internal/payment/application/usecase.go:75.16,79.3 3 0
github.com/williamkoller/payment-system/internal/payment/application/usecase.go:81.2,84.53 3 0
github.com/williamkoller/payment-system/internal/payment/application/usecase.go:84.53,86.3 1 0
github.com/williamkoller/payment-system/internal/payment/application/usecase.go:88.2,88.21 1 0
github.com/williamkoller/payment-system/internal/payment/application/usecase.go:91.94,93.16 2 0
github.com/williamkoller/payment-system/internal/payment/application/usecase.go:93.16,95.3 1 0
github.com/williamkoller/payment-system/internal/payment/application/usecase.go:96.2,96.25 1 0
github.com/williamkoller/payment-system/internal/payment/application/usecase.go:96.25,98.3 1 0
github.com/williamkoller/payment-system/internal/payment/application/usecase.go:99.2,99.26 1 0
github.com/williamkoller/payment-system/internal/payment/application/usecase.go:102.107,104.16 2 0
github.com/williamkoller/payment-system/internal/payment/application/usecase.go:104.16,106.3 1 0
github.com/williamkoller/payment-system/internal/payment/application/usecase.go:108.2,108.28 1 0
github.com/williamkoller/payment-system/internal/payment/application/usecase.go:108.28,110.3 1 0
github.com/williamkoller/payment-system/internal/payment/application/usecase.go:112.2,113.16 2 0
github.com/williamkoller/payment-system/internal/payment/application/usecase.go:113.16,117.3 3 0
github.com/williamkoller/payment-system/internal/payment/application/usecase.go:119.2,120.53 2 0
github.com/williamkoller/payment-system/internal/payment/application/usecase.go:120.53,122.3 1 0
github.com/williamkoller/payment-system/internal/payment/application/usecase.go:124.2,124.21 1 0
github.com/williamkoller/payment-system/internal/payment/application/usecase.go:127.106,129.16 2 0
github.com/williamkoller/payment-system/internal/payment/application/usecase.go:129.16,131.3 1 0
github.com/williamkoller/payment-system/internal/payment/application/usecase.go:133.2,133.28 1 0
github.com/williamkoller/payment-system/internal/payment/application/usecase.go:133.28,135.3 1 0
github.com/williamkoller/payment-system/internal/payment/application/usecase.go:137.2,137.44 1 0
github.com/williamkoller/payment-system/internal/payment/application/usecase.go:137.44,141.3 3 0
github.com/williamkoller/payment-system/internal/payment/application/usecase.go:143.2,144.16 2 0
github.com/williamkoller/payment-system/internal/payment/application/usecase.go:144.16,146.33 2 0
github.com/williamkoller/payment-system/internal/payment/application/usecase.go:146.33,147.70 1 0
github.com/williamkoller/payment-system/internal/payment/application/usecase.go:147.70,151.5 3 0
github.com/williamkoller/payment-system/internal/payment/application/usecase.go:153.4,153.73 1 0
github.com/williamkoller/payment-system/internal/payment/application/usecase.go:153.73,155.5 1 0
github.com/williamkoller/payment-system/internal/payment/application/usecase.go:157.4,157.39 1 0
github.com/williamkoller/payment-system/internal/payment/application/usecase.go:157.39,159.5 1 0
github.com/williamkoller/payment-system/internal/payment/application/usecase.go:162.3,164.62 3 0
github.com/williamkoller/payment-system/internal/payment/application/usecase.go:167.2,168.53 2 0
github.com/williamkoller/payment-system/internal/payment/application/usecase.go:168.53,170.3 1 0
github.com/williamkoller/payment-system/internal/payment/application/usecase.go:171.2,171.21 1 0
github.com/williamkoller/payment-system/internal/payment/application/usecase.go:174.134,176.16 2 0
github.com/williamkoller/payment-system/internal/payment/application/usecase.go:176.16,178.3 1 0
github.com/williamkoller/payment-system/internal/payment/application/usecase.go:180.2,180.28 1 0
github.com/williamkoller/payment-system/internal/payment/application/usecase.go:180.28,182.3 1 0
github.com/williamkoller/payment-system/internal/payment/application/usecase.go:184.2,184.44 1 0
github.com/williamkoller/payment-system/internal/payment/application/usecase.go:184.44,188.3 3 0
github.com/williamkoller/payment-system/internal/payment/application/usecase.go:190.2,191.16 2 0
github.com/williamkoller/payment-system/internal/payment/application/usecase.go:191.16,195.3 3 0
github.com/williamkoller/payment-system/internal/payment/application/usecase.go:197.2,198.53 2 0
github.com/williamkoller/payment-system/internal/payment/application/usecase.go:198.53,200.3 1 0
github.com/williamkoller/payment-system/internal/payment/application/usecase.go:202.2,202.21 1 0
github.com/williamkoller/payment-system/internal/middleware/logger.go:14.44,15.30 1 0
github.com/williamkoller/payment-system/internal/middleware/logger.go:15.30,35.3 8 0
github.com/williamkoller/payment-system/internal/middleware/logger.go:38.53,39.45 1 0
github.com/williamkoller/payment-system/internal/middleware/logger.go:39.45,40.46 1 0
github.com/williamkoller/payment-system/internal/middleware/logger.go:40.46,42.4 1 0
github.com/williamkoller/payment-system/internal/middleware/logger.go:44.2,44.25 1 0
github.com/williamkoller/payment-system/internal/middleware/middlewares.go:5.33,8.2 2 0
github.com/williamkoller/payment-system/internal/payment/domain/payment.go:32.106,33.17 1 0
github.com/williamkoller/payment-system/internal/payment/domain/payment.go:33.17,35.3 1 0
github.com/williamkoller/payment-system/internal/payment/domain/payment.go:37.2,37.20 1 0
github.com/williamkoller/payment-system/internal/payment/domain/payment.go:37.20,39.3 1 0
github.com/williamkoller/payment-system/internal/payment/domain/payment.go:41.2,41.17 1 0
github.com/williamkoller/payment-system/internal/payment/domain/payment.go:41.17,43.3 1 0
github.com/williamkoller/payment-system/internal/payment/domain/payment.go:45.2,45.25 1 0
github.com/williamkoller/payment-system/internal/payment/domain/payment.go:45.25,47.3 1 0
github.com/williamkoller/payment-system/internal/payment/domain/payment.go:49.2,60.8 2 0
github.com/williamkoller/payment-system/internal/payment/domain/payment.go:63.30,66.2 2 0
github.com/williamkoller/payment-system/internal/payment/domain/payment.go:68.28,71.2 2 0
github.com/williamkoller/payment-system/internal/payment/domain/payment.go:73.26,76.2 2 0
github.com/williamkoller/payment-system/internal/payment/domain/payment.go:78.29,81.2 2 0
github.com/williamkoller/payment-system/internal/payment/domain/payment.go:83.28,86.2 2 0
github.com/williamkoller/payment-system/internal/payment/domain/payment.go:88.37,89.32 1 0
github.com/williamkoller/payment-system/internal/payment/domain/payment.go:89.32,91.3 1 0
github.com/williamkoller/payment-system/internal/payment/domain/payment.go:93.2,93.32 1 0
github.com/williamkoller/payment-system/internal/payment/domain/payment.go:93.32,95.3 1 0
github.com/williamkoller/payment-system/internal/payment/domain/payment.go:97.2,97.12 1 0
github.com/williamkoller/payment-system/internal/payment/domain/payment.go:100.37,101.32 1 0
github.com/williamkoller/payment-system/internal/payment/domain/payment.go:101.32,103.3 1 0
github.com/williamkoller/payment-system/internal/payment/domain/payment.go:105.2,105.12 1 0
github.com/williamkoller/payment-system/internal/payment/domain/payment.go:108.34,110.2 1 0
github.com/williamkoller/payment-system/internal/payment/domain/payment.go:112.40,114.2 1 0
github.com/williamkoller/payment-system/internal/payment/domain/payment.go:116.37,118.2 1 0
github.com/williamkoller/payment-system/internal/payment/domain/payment.go:120.40,122.2 1 0
github.com/williamkoller/payment-system/internal/payment/domain/payment.go:124.45,126.2 1 0
github.com/williamkoller/payment-system/internal/payment/domain/payment.go:128.44,130.2 1 0
github.com/williamkoller/payment-system/internal/payment/domain/payment.go:132.44,134.2 1 0
github.com/williamkoller/payment-system/internal/payment/domain/payment.go:136.37,138.2 1 0
github.com/williamkoller/payment-system/internal/payment/domain/payment.go:140.48,142.2 1 0
github.com/williamkoller/payment-system/internal/payment/domain/payment.go:144.45,146.2 1 0
github.com/williamkoller/payment-system/internal/payment/domain/payment.go:148.46,150.2 1 0
github.com/williamkoller/payment-system/internal/payment/domain/payment.go:152.60,154.2 1 0
github.com/williamkoller/payment-system/internal/payment/interfaces/handler.go:17.77,19.2 1 0
github.com/williamkoller/payment-system/internal/payment/interfaces/handler.go:21.56,25.47 3 0
github.com/williamkoller/payment-system/internal/payment/interfaces/handler.go:25.47,28.3 2 0
github.com/williamkoller/payment-system/internal/payment/interfaces/handler.go:30.2,37.16 2 0
github.com/williamkoller/payment-system/internal/payment/interfaces/handler.go:37.16,39.21 2 0
github.com/williamkoller/payment-system/internal/payment/interfaces/handler.go:39.21,41.4 1 0
github.com/williamkoller/payment-system/internal/payment/interfaces/handler.go:43.3,46.10 3 0
github.com/williamkoller/payment-system/internal/payment/interfaces/handler.go:47.59,49.76 2 0
github.com/williamkoller/payment-system/internal/payment/interfaces/handler.go:50.56,52.64 2 0
github.com/williamkoller/payment-system/internal/payment/interfaces/handler.go:53.63,55.59 2 0
github.com/williamkoller/payment-system/internal/payment/interfaces/handler.go:56.11,58.55 2 0
github.com/williamkoller/payment-system/internal/payment/interfaces/handler.go:61.3,67.9 3 0
github.com/williamkoller/payment-system/internal/payment/interfaces/handler.go:70.2,71.56 2 0
github.com/williamkoller/payment-system/internal/payment/interfaces/handler.go:74.57,77.46 2 0
github.com/williamkoller/payment-system/internal/payment/interfaces/handler.go:77.46,80.3 2 0
github.com/williamkoller/payment-system/internal/payment/interfaces/handler.go:82.2,83.16 2 0
github.com/williamkoller/payment-system/internal/payment/interfaces/handler.go:83.16,86.3 2 0
github.com/williamkoller/payment-system/internal/payment/interfaces/handler.go:88.2,88.25 1 0
github.com/williamkoller/payment-system/internal/payment/interfaces/handler.go:88.25,91.3 2 0
github.com/williamkoller/payment-system/internal/payment/interfaces/handler.go:93.2,96.56 3 0
github.com/williamkoller/payment-system/internal/payment/interfaces/handler.go:99.57,101.46 2 0
github.com/williamkoller/payment-system/internal/payment/interfaces/handler.go:101.46,103.3 1 0
github.com/williamkoller/payment-system/internal/payment/interfaces/handler.go:104.2,107.16 4 0
github.com/williamkoller/payment-system/internal/payment/interfaces/handler.go:107.16,111.3 3 0
github.com/williamkoller/payment-system/internal/payment/interfaces/handler.go:113.2,113.51 1 0
github.com/williamkoller/payment-system/internal/payment/interfaces/handler.go:116.56,118.46 2 0
github.com/williamkoller/payment-system/internal/payment/interfaces/handler.go:118.46,120.3 1 0
github.com/williamkoller/payment-system/internal/payment/interfaces/handler.go:121.2,124.16 4 0
github.com/williamkoller/payment-system/internal/payment/interfaces/handler.go:124.16,128.3 3 0
github.com/williamkoller/payment-system/internal/payment/interfaces/handler.go:130.2,130.51 1 0
github.com/williamkoller/payment-system/internal/payment/interfaces/handler.go:133.56,138.46 4 0
github.com/williamkoller/payment-system/internal/payment/interfaces/handler.go:138.46,141.3 2 0
github.com/williamkoller/payment-system/internal/payment/interfaces/handler.go:143.2,144.46 2 0
github.com/williamkoller/payment-system/internal/payment/interfaces/handler.go:144.46,147.3 2 0
github.com/williamkoller/payment-system/internal/payment/interfaces/handler.go:149.2,152.16 3 0
github.com/williamkoller/payment-system/internal/payment/interfaces/handler.go:152.16,156.3 3 0
github.com/williamkoller/payment-system/internal/payment/interfaces/handler.go:158.2,158.51 1 0
github.com/williamkoller/payment-system/internal/payment/interfaces/mapper.go:22.59,35.2 1 0
github.com/williamkoller/payment-system/internal/payment/router/payment.go:10.33,16.2 6 0
github.com/williamkoller/payment-system/internal/payment/router/payment.go:16.2,22.3 5 0
github.com/williamkoller/payment-system/pkg/logger/logger.go:18.36,19.17 1 0
github.com/williamkoller/payment-system/pkg/logger/logger.go:19.17,22.15 2 0
github.com/williamkoller/payment-system/pkg/logger/logger.go:23.14,24.45 1 0
github.com/williamkoller/payment-system/pkg/logger/logger.go:25.11,29.36 4 0
github.com/williamkoller/payment-system/pkg/logger/logger.go:32.3,32.21 1 0
github.com/williamkoller/payment-system/pkg/logger/logger.go:32.21,35.4 2 0
github.com/williamkoller/payment-system/pkg/logger/logger.go:37.3,37.29 1 0
github.com/williamkoller/payment-system/pkg/logger/logger.go:40.2,40.16 1 0
github.com/williamkoller/payment-system/pkg/logger/logger.go:43.67,44.19 1 0
github.com/williamkoller/payment-system/pkg/logger/logger.go:44.19,47.3 2 0
github.com/williamkoller/payment-system/pkg/logger/logger.go:48.2,48.42 1 0
github.com/williamkoller/payment-system/pkg/logger/logger.go:51.61,53.27 2 0
github.com/williamkoller/payment-system/pkg/logger/logger.go:53.27,55.3 1 0
github.com/williamkoller/payment-system/pkg/logger/logger.go:56.2,56.10 1 0
github.com/williamkoller/payment-system/pkg/logger/logger.go:59.46,60.19 1 0
github.com/williamkoller/payment-system/pkg/logger/logger.go:60.19,62.3 1 0
github.com/williamkoller/payment-system/pkg/logger/logger.go:65.47,66.19 1 0
github.com/williamkoller/payment-system/pkg/logger/logger.go:66.19,68.3 1 0
github.com/williamkoller/payment-system/pkg/logger/logger.go:71.47,72.19 1 0
github.com/williamkoller/payment-system/pkg/logger/logger.go:72.19,74.3 1 0
github.com/williamkoller/payment-system/pkg/logger/logger.go:77.13,78.19 1 0
github.com/williamkoller/payment-system/pkg/logger/logger.go:78.19,80.3 1 0
github.com/williamkoller/payment-system/pkg/logger/logger.go:83.35,84.19 1 0
github.com/williamkoller/payment-system/pkg/logger/logger.go:84.19,87.3 2 0
github.com/williamkoller/payment-system/pkg/logger/logger.go:88.2,88.15 1 0
github.com/williamkoller/payment-system/pkg/ulid/ulid.go:10.23,14.2 3 0
github.com/williamkoller/payment-system/internal/webhook/router/webhook.go:10.40,12.16 2 0
github.com/williamkoller/payment-system/internal/webhook/router/webhook.go:12.16,13.53 1 0
github.com/williamkoller/payment-system/internal/webhook/router/webhook.go:16.2,20.43 4 0
github.com/williamkoller/payment-system/internal/webhook/stripe/handler.go:19.95,21.2 1 0
github.com/williamkoller/payment-system/internal/webhook/stripe/handler.go:23.55,28.16 4 0
github.com/williamkoller/payment-system/internal/webhook/stripe/handler.go:28.16,32.3 3 0
github.com/williamkoller/payment-system/internal/webhook/stripe/handler.go:34.2,36.16 3 0
github.com/williamkoller/payment-system/internal/webhook/stripe/handler.go:36.16,40.3 3 0
github.com/williamkoller/payment-system/internal/webhook/stripe/handler.go:42.2,44.20 2 0
github.com/williamkoller/payment-system/internal/webhook/stripe/handler.go:45.34,47.61 2 0
github.com/williamkoller/payment-system/internal/webhook/stripe/handler.go:47.61,49.4 1 0
github.com/williamkoller/payment-system/internal/webhook/stripe/handler.go:49.9,50.59 1 0
github.com/williamkoller/payment-system/internal/webhook/stripe/handler.go:50.59,52.5 1 0
github.com/williamkoller/payment-system/internal/webhook/stripe/handler.go:54.39,56.61 2 0
github.com/williamkoller/payment-system/internal/webhook/stripe/handler.go:56.61,58.4 1 0
github.com/williamkoller/payment-system/internal/webhook/stripe/handler.go:58.9,59.56 1 0
github.com/williamkoller/payment-system/internal/webhook/stripe/handler.go:59.56,61.5 1 0
github.com/williamkoller/payment-system/internal/webhook/stripe/handler.go:63.10,64.71 1 0
github.com/williamkoller/payment-system/internal/webhook/stripe/handler.go:67.2,67.25 1 0
github.com/williamkoller/payment-system/internal/webhook/stripe/processor.go:14.85,16.2 1 0
github.com/williamkoller/payment-system/internal/webhook/stripe/processor.go:18.75,19.15 1 0
github.com/williamkoller/payment-system/internal/webhook/stripe/processor.go:19.15,21.3 1 0
github.com/williamkoller/payment-system/internal/webhook/stripe/processor.go:23.2,24.16 2 0
github.com/williamkoller/payment-system/internal/webhook/stripe/processor.go:24.16,26.3 1 0
github.com/williamkoller/payment-system/internal/webhook/stripe/processor.go:27.2,28.38 2 0
github.com/williamkoller/payment-system/internal/webhook/stripe/processor.go:31.72,32.15 1 0
github.com/williamkoller/payment-system/internal/webhook/stripe/processor.go:32.15,34.3 1 0
github.com/williamkoller/payment-system/internal/webhook/stripe/processor.go:35.2,36.16 2 0
github.com/williamkoller/payment-system/internal/webhook/stripe/processor.go:36.16,38.3 1 0
github.com/williamkoller/payment-system/internal/webhook/stripe/processor.go:39.2,40.38 2 0
github.com/williamkoller/payment-system/internal/payment/repository/payment_repository.go:20.63,22.2 1 1
github.com/williamkoller/payment-system/internal/payment/repository/payment_repository.go:24.83,25.46 1 1
github.com/williamkoller/payment-system/internal/payment/repository/payment_repository.go:25.46,27.3 1 1
github.com/williamkoller/payment-system/internal/payment/repository/payment_repository.go:28.2,28.16 1 1
github.com/williamkoller/payment-system/internal/payment/repository/payment_repository.go:31.78,33.65 2 1
github.com/williamkoller/payment-system/internal/payment/repository/payment_repository.go:33.65,35.3 1 1
github.com/williamkoller/payment-system/internal/payment/repository/payment_repository.go:36.2,36.22 1 1
github.com/williamkoller/payment-system/internal/payment/repository/payment_repository.go:39.70,41.51 2 1
github.com/williamkoller/payment-system/internal/payment/repository/payment_repository.go:41.51,43.3 1 1
github.com/williamkoller/payment-system/internal/payment/repository/payment_repository.go:44.2,44.22 1 1
github.com/williamkoller/payment-system/internal/payment/repository/payment_repository.go:47.57,49.2 1 1
github.com/williamkoller/payment-system/internal/payment/repository/payment_repository.go:51.65,56.2 1 1
