mode: set
github.com/williamkoller/payment-system/config/config.go:35.62,42.31 2 0
github.com/williamkoller/payment-system/config/config.go:42.31,44.3 1 0
github.com/williamkoller/payment-system/config/config.go:46.2,46.20 1 0
github.com/williamkoller/payment-system/config/config.go:50.66,52.16 2 0
github.com/williamkoller/payment-system/config/config.go:52.16,54.3 1 0
github.com/williamkoller/payment-system/config/config.go:55.2,63.16 2 0
github.com/williamkoller/payment-system/config/config.go:66.58,68.16 2 0
github.com/williamkoller/payment-system/config/config.go:68.16,70.3 1 0
github.com/williamkoller/payment-system/config/config.go:72.2,73.16 2 0
github.com/williamkoller/payment-system/config/config.go:73.16,75.3 1 0
github.com/williamkoller/payment-system/config/config.go:77.2,78.16 2 0
github.com/williamkoller/payment-system/config/config.go:78.16,80.3 1 0
github.com/williamkoller/payment-system/config/config.go:82.2,86.8 1 0
github.com/williamkoller/payment-system/config/config.go:89.56,94.20 2 0
github.com/williamkoller/payment-system/config/config.go:94.20,96.3 1 0
github.com/williamkoller/payment-system/config/config.go:97.2,97.23 1 0
github.com/williamkoller/payment-system/config/config.go:97.23,99.3 1 0
github.com/williamkoller/payment-system/config/config.go:100.2,100.17 1 0
github.com/williamkoller/payment-system/config/database.go:21.39,23.16 2 0
github.com/williamkoller/payment-system/config/database.go:23.16,24.13 1 0
github.com/williamkoller/payment-system/config/database.go:27.2,43.11 5 0
github.com/williamkoller/payment-system/config/database.go:46.60,48.16 2 0
github.com/williamkoller/payment-system/config/database.go:48.16,50.3 1 0
github.com/williamkoller/payment-system/config/database.go:52.2,53.16 2 0
github.com/williamkoller/payment-system/config/database.go:53.16,55.3 1 0
github.com/williamkoller/payment-system/config/database.go:57.2,57.26 1 0
github.com/williamkoller/payment-system/config/database.go:57.26,59.17 2 0
github.com/williamkoller/payment-system/config/database.go:59.17,61.4 1 0
github.com/williamkoller/payment-system/config/database.go:62.3,62.66 1 0
github.com/williamkoller/payment-system/config/database.go:65.2,66.16 2 0
github.com/williamkoller/payment-system/config/database.go:66.16,68.3 1 0
github.com/williamkoller/payment-system/config/database.go:70.2,70.31 1 0
github.com/williamkoller/payment-system/config/database.go:70.31,71.42 1 0
github.com/williamkoller/payment-system/config/database.go:71.42,74.4 2 0
github.com/williamkoller/payment-system/config/database.go:75.3,75.42 1 0
github.com/williamkoller/payment-system/config/database.go:78.2,78.55 1 0
github.com/williamkoller/payment-system/internal/payment/interfaces/handler.go:17.77,19.2 1 0
github.com/williamkoller/payment-system/internal/payment/interfaces/handler.go:21.56,25.47 3 0
github.com/williamkoller/payment-system/internal/payment/interfaces/handler.go:25.47,28.3 2 0
github.com/williamkoller/payment-system/internal/payment/interfaces/handler.go:30.2,37.16 2 0
github.com/williamkoller/payment-system/internal/payment/interfaces/handler.go:37.16,39.21 2 0
github.com/williamkoller/payment-system/internal/payment/interfaces/handler.go:39.21,41.4 1 0
github.com/williamkoller/payment-system/internal/payment/interfaces/handler.go:43.3,46.10 3 0
github.com/williamkoller/payment-system/internal/payment/interfaces/handler.go:47.59,49.76 2 0
github.com/williamkoller/payment-system/internal/payment/interfaces/handler.go:50.56,52.64 2 0
github.com/williamkoller/payment-system/internal/payment/interfaces/handler.go:53.63,55.59 2 0
github.com/williamkoller/payment-system/internal/payment/interfaces/handler.go:56.11,58.55 2 0
github.com/williamkoller/payment-system/internal/payment/interfaces/handler.go:61.3,67.9 3 0
github.com/williamkoller/payment-system/internal/payment/interfaces/handler.go:70.2,71.56 2 0
github.com/williamkoller/payment-system/internal/payment/interfaces/handler.go:74.57,77.46 2 0
github.com/williamkoller/payment-system/internal/payment/interfaces/handler.go:77.46,80.3 2 0
github.com/williamkoller/payment-system/internal/payment/interfaces/handler.go:82.2,83.16 2 0
github.com/williamkoller/payment-system/internal/payment/interfaces/handler.go:83.16,86.3 2 0
github.com/williamkoller/payment-system/internal/payment/interfaces/handler.go:88.2,88.25 1 0
github.com/williamkoller/payment-system/internal/payment/interfaces/handler.go:88.25,91.3 2 0
github.com/williamkoller/payment-system/internal/payment/interfaces/handler.go:93.2,96.56 3 0
github.com/williamkoller/payment-system/internal/payment/interfaces/handler.go:99.57,101.46 2 0
github.com/williamkoller/payment-system/internal/payment/interfaces/handler.go:101.46,103.3 1 0
github.com/williamkoller/payment-system/internal/payment/interfaces/handler.go:104.2,107.16 4 0
github.com/williamkoller/payment-system/internal/payment/interfaces/handler.go:107.16,111.3 3 0
github.com/williamkoller/payment-system/internal/payment/interfaces/handler.go:113.2,113.51 1 0
github.com/williamkoller/payment-system/internal/payment/interfaces/handler.go:116.56,118.46 2 0
github.com/williamkoller/payment-system/internal/payment/interfaces/handler.go:118.46,120.3 1 0
github.com/williamkoller/payment-system/internal/payment/interfaces/handler.go:121.2,124.16 4 0
github.com/williamkoller/payment-system/internal/payment/interfaces/handler.go:124.16,128.3 3 0
github.com/williamkoller/payment-system/internal/payment/interfaces/handler.go:130.2,130.51 1 0
github.com/williamkoller/payment-system/internal/payment/interfaces/handler.go:133.56,138.46 4 0
github.com/williamkoller/payment-system/internal/payment/interfaces/handler.go:138.46,141.3 2 0
github.com/williamkoller/payment-system/internal/payment/interfaces/handler.go:143.2,144.46 2 0
github.com/williamkoller/payment-system/internal/payment/interfaces/handler.go:144.46,147.3 2 0
github.com/williamkoller/payment-system/internal/payment/interfaces/handler.go:149.2,152.16 3 0
github.com/williamkoller/payment-system/internal/payment/interfaces/handler.go:152.16,156.3 3 0
github.com/williamkoller/payment-system/internal/payment/interfaces/handler.go:158.2,158.51 1 0
github.com/williamkoller/payment-system/internal/payment/interfaces/mapper.go:22.59,35.2 1 0
github.com/williamkoller/payment-system/internal/middleware/logger.go:14.44,15.30 1 0
github.com/williamkoller/payment-system/internal/middleware/logger.go:15.30,35.3 8 0
github.com/williamkoller/payment-system/internal/middleware/logger.go:38.53,39.45 1 0
github.com/williamkoller/payment-system/internal/middleware/logger.go:39.45,40.46 1 0
github.com/williamkoller/payment-system/internal/middleware/logger.go:40.46,42.4 1 0
github.com/williamkoller/payment-system/internal/middleware/logger.go:44.2,44.25 1 0
github.com/williamkoller/payment-system/internal/middleware/middlewares.go:5.33,8.2 2 0
github.com/williamkoller/payment-system/internal/healthz/router/router.go:5.45,6.41 1 0
github.com/williamkoller/payment-system/internal/healthz/router/router.go:6.41,8.3 1 0
github.com/williamkoller/payment-system/internal/healthz/router/router.go:10.2,10.10 1 0
github.com/williamkoller/payment-system/cmd/main.go:23.13,29.16 4 0
github.com/williamkoller/payment-system/cmd/main.go:29.16,31.3 1 0
github.com/williamkoller/payment-system/cmd/main.go:32.2,36.16 3 0
github.com/williamkoller/payment-system/cmd/main.go:36.16,38.3 1 0
github.com/williamkoller/payment-system/cmd/main.go:40.2,54.12 8 0
github.com/williamkoller/payment-system/cmd/main.go:54.12,56.87 2 0
github.com/williamkoller/payment-system/cmd/main.go:56.87,58.4 1 0
github.com/williamkoller/payment-system/cmd/main.go:61.2,69.37 7 0
github.com/williamkoller/payment-system/internal/payment/domain/payment.go:32.106,33.17 1 0
github.com/williamkoller/payment-system/internal/payment/domain/payment.go:33.17,35.3 1 0
github.com/williamkoller/payment-system/internal/payment/domain/payment.go:37.2,37.20 1 0
github.com/williamkoller/payment-system/internal/payment/domain/payment.go:37.20,39.3 1 0
github.com/williamkoller/payment-system/internal/payment/domain/payment.go:41.2,41.17 1 0
github.com/williamkoller/payment-system/internal/payment/domain/payment.go:41.17,43.3 1 0
github.com/williamkoller/payment-system/internal/payment/domain/payment.go:45.2,45.25 1 0
github.com/williamkoller/payment-system/internal/payment/domain/payment.go:45.25,47.3 1 0
github.com/williamkoller/payment-system/internal/payment/domain/payment.go:49.2,60.8 2 0
github.com/williamkoller/payment-system/internal/payment/domain/payment.go:63.30,66.2 2 0
github.com/williamkoller/payment-system/internal/payment/domain/payment.go:68.28,71.2 2 0
github.com/williamkoller/payment-system/internal/payment/domain/payment.go:73.26,76.2 2 0
github.com/williamkoller/payment-system/internal/payment/domain/payment.go:78.29,81.2 2 0
github.com/williamkoller/payment-system/internal/payment/domain/payment.go:83.28,86.2 2 0
github.com/williamkoller/payment-system/internal/payment/domain/payment.go:88.37,89.32 1 0
github.com/williamkoller/payment-system/internal/payment/domain/payment.go:89.32,91.3 1 0
github.com/williamkoller/payment-system/internal/payment/domain/payment.go:93.2,93.32 1 0
github.com/williamkoller/payment-system/internal/payment/domain/payment.go:93.32,95.3 1 0
github.com/williamkoller/payment-system/internal/payment/domain/payment.go:97.2,97.12 1 0
github.com/williamkoller/payment-system/internal/payment/domain/payment.go:100.37,101.32 1 0
github.com/williamkoller/payment-system/internal/payment/domain/payment.go:101.32,103.3 1 0
github.com/williamkoller/payment-system/internal/payment/domain/payment.go:105.2,105.12 1 0
github.com/williamkoller/payment-system/internal/payment/domain/payment.go:108.34,110.2 1 0
github.com/williamkoller/payment-system/internal/payment/domain/payment.go:112.40,114.2 1 0
github.com/williamkoller/payment-system/internal/payment/domain/payment.go:116.37,118.2 1 0
github.com/williamkoller/payment-system/internal/payment/domain/payment.go:120.40,122.2 1 0
github.com/williamkoller/payment-system/internal/payment/domain/payment.go:124.45,126.2 1 0
github.com/williamkoller/payment-system/internal/payment/domain/payment.go:128.44,130.2 1 0
github.com/williamkoller/payment-system/internal/payment/domain/payment.go:132.44,134.2 1 0
github.com/williamkoller/payment-system/internal/payment/domain/payment.go:136.37,138.2 1 0
github.com/williamkoller/payment-system/internal/payment/domain/payment.go:140.48,142.2 1 0
github.com/williamkoller/payment-system/internal/payment/domain/payment.go:144.45,146.2 1 0
github.com/williamkoller/payment-system/internal/payment/domain/payment.go:148.46,150.2 1 0
github.com/williamkoller/payment-system/internal/payment/domain/payment.go:152.60,154.2 1 0
github.com/williamkoller/payment-system/internal/payment/infra/memory_repository.go:16.64,20.2 1 0
github.com/williamkoller/payment-system/internal/payment/infra/memory_repository.go:22.67,27.2 4 0
github.com/williamkoller/payment-system/internal/payment/infra/memory_repository.go:29.82,33.9 4 0
github.com/williamkoller/payment-system/internal/payment/infra/memory_repository.go:33.9,35.3 1 0
github.com/williamkoller/payment-system/internal/payment/infra/memory_repository.go:36.2,36.15 1 0
github.com/williamkoller/payment-system/internal/payment/infra/memory_repository.go:39.74,43.27 4 0
github.com/williamkoller/payment-system/internal/payment/infra/memory_repository.go:43.27,45.3 1 0
github.com/williamkoller/payment-system/internal/payment/infra/memory_repository.go:46.2,46.16 1 0
github.com/williamkoller/payment-system/internal/payment/infra/memory_repository.go:49.61,54.2 4 0
github.com/williamkoller/payment-system/internal/payment/infra/memory_repository.go:56.69,61.2 4 0
github.com/williamkoller/payment-system/internal/payment/infra/memory_repository.go:63.94,67.9 4 0
github.com/williamkoller/payment-system/internal/payment/infra/memory_repository.go:67.9,69.3 1 0
github.com/williamkoller/payment-system/internal/payment/infra/memory_repository.go:70.2,70.15 1 0
github.com/williamkoller/payment-system/internal/payment/infra/memory_repository.go:73.106,76.27 3 0
github.com/williamkoller/payment-system/internal/payment/infra/memory_repository.go:76.27,77.46 1 0
github.com/williamkoller/payment-system/internal/payment/infra/memory_repository.go:77.46,79.4 1 0
github.com/williamkoller/payment-system/internal/payment/infra/memory_repository.go:82.2,82.17 1 0
github.com/williamkoller/payment-system/internal/payment/infra/stripe_client.go:30.59,36.51 1 0
github.com/williamkoller/payment-system/internal/payment/infra/stripe_client.go:36.51,38.4 1 0
github.com/williamkoller/payment-system/internal/payment/infra/stripe_client.go:39.62,41.4 1 0
github.com/williamkoller/payment-system/internal/payment/infra/stripe_client.go:43.2,43.46 1 0
github.com/williamkoller/payment-system/internal/payment/infra/stripe_client.go:46.37,51.2 2 0
github.com/williamkoller/payment-system/internal/payment/infra/stripe_client.go:53.156,54.58 1 0
github.com/williamkoller/payment-system/internal/payment/infra/stripe_client.go:54.58,55.10 1 0
github.com/williamkoller/payment-system/internal/payment/infra/stripe_client.go:56.21,57.25 1 0
github.com/williamkoller/payment-system/internal/payment/infra/stripe_client.go:58.11,58.11 0 0
github.com/williamkoller/payment-system/internal/payment/infra/stripe_client.go:60.3,64.35 4 0
github.com/williamkoller/payment-system/internal/payment/infra/stripe_client.go:64.35,76.18 3 0
github.com/williamkoller/payment-system/internal/payment/infra/stripe_client.go:76.18,78.5 1 0
github.com/williamkoller/payment-system/internal/payment/infra/stripe_client.go:80.4,81.34 2 0
github.com/williamkoller/payment-system/internal/payment/infra/stripe_client.go:81.34,82.40 1 0
github.com/williamkoller/payment-system/internal/payment/infra/stripe_client.go:82.40,84.6 1 0
github.com/williamkoller/payment-system/internal/payment/infra/stripe_client.go:85.5,85.74 1 0
github.com/williamkoller/payment-system/internal/payment/infra/stripe_client.go:85.74,87.6 1 0
github.com/williamkoller/payment-system/internal/payment/infra/stripe_client.go:90.4,92.16 3 0
github.com/williamkoller/payment-system/internal/payment/infra/stripe_client.go:95.3,95.22 1 0
github.com/williamkoller/payment-system/internal/payment/infra/stripe_client.go:98.2,98.16 1 0
github.com/williamkoller/payment-system/internal/payment/infra/stripe_client.go:98.16,100.3 1 0
github.com/williamkoller/payment-system/internal/payment/infra/stripe_client.go:102.2,103.9 2 0
github.com/williamkoller/payment-system/internal/payment/infra/stripe_client.go:103.9,105.3 1 0
github.com/williamkoller/payment-system/internal/payment/infra/stripe_client.go:107.2,107.16 1 0
github.com/williamkoller/payment-system/internal/payment/infra/stripe_client.go:110.72,111.58 1 0
github.com/williamkoller/payment-system/internal/payment/infra/stripe_client.go:111.58,112.10 1 0
github.com/williamkoller/payment-system/internal/payment/infra/stripe_client.go:113.21,114.25 1 0
github.com/williamkoller/payment-system/internal/payment/infra/stripe_client.go:115.11,115.11 0 0
github.com/williamkoller/payment-system/internal/payment/infra/stripe_client.go:118.3,118.75 1 0
github.com/williamkoller/payment-system/internal/payment/infra/stripe_client.go:121.2,121.16 1 0
github.com/williamkoller/payment-system/internal/payment/infra/stripe_client.go:121.16,123.3 1 0
github.com/williamkoller/payment-system/internal/payment/infra/stripe_client.go:125.2,125.50 1 0
github.com/williamkoller/payment-system/internal/payment/infra/stripe_client.go:125.50,127.3 1 0
github.com/williamkoller/payment-system/internal/payment/infra/stripe_client.go:129.2,129.12 1 0
github.com/williamkoller/payment-system/internal/payment/infra/stripe_client.go:132.71,133.58 1 0
github.com/williamkoller/payment-system/internal/payment/infra/stripe_client.go:133.58,134.10 1 0
github.com/williamkoller/payment-system/internal/payment/infra/stripe_client.go:135.21,136.25 1 0
github.com/williamkoller/payment-system/internal/payment/infra/stripe_client.go:137.11,137.11 0 0
github.com/williamkoller/payment-system/internal/payment/infra/stripe_client.go:140.3,140.73 1 0
github.com/williamkoller/payment-system/internal/payment/infra/stripe_client.go:143.2,143.16 1 0
github.com/williamkoller/payment-system/internal/payment/infra/stripe_client.go:143.16,145.3 1 0
github.com/williamkoller/payment-system/internal/payment/infra/stripe_client.go:147.2,147.50 1 0
github.com/williamkoller/payment-system/internal/payment/infra/stripe_client.go:147.50,149.3 1 0
github.com/williamkoller/payment-system/internal/payment/infra/stripe_client.go:151.2,151.12 1 0
github.com/williamkoller/payment-system/internal/payment/infra/stripe_client.go:154.89,157.53 2 0
github.com/williamkoller/payment-system/internal/payment/infra/stripe_client.go:157.53,158.10 1 0
github.com/williamkoller/payment-system/internal/payment/infra/stripe_client.go:159.21,160.25 1 0
github.com/williamkoller/payment-system/internal/payment/infra/stripe_client.go:161.11,161.11 0 0
github.com/williamkoller/payment-system/internal/payment/infra/stripe_client.go:164.3,169.28 2 0
github.com/williamkoller/payment-system/internal/payment/infra/stripe_client.go:172.2,172.12 1 0
github.com/williamkoller/payment-system/internal/payment/application/usecase.go:39.103,41.2 1 0
github.com/williamkoller/payment-system/internal/payment/application/usecase.go:43.85,48.59 4 0
github.com/williamkoller/payment-system/internal/payment/application/usecase.go:48.59,50.3 1 0
github.com/williamkoller/payment-system/internal/payment/application/usecase.go:52.2,52.28 1 0
github.com/williamkoller/payment-system/internal/payment/application/usecase.go:52.28,53.33 1 0
github.com/williamkoller/payment-system/internal/payment/application/usecase.go:54.31,55.84 1 0
github.com/williamkoller/payment-system/internal/payment/application/usecase.go:56.28,57.82 1 0
github.com/williamkoller/payment-system/internal/payment/application/usecase.go:58.11,59.108 1 0
github.com/williamkoller/payment-system/internal/payment/application/usecase.go:63.2,65.16 3 0
github.com/williamkoller/payment-system/internal/payment/application/usecase.go:65.16,67.3 1 0
github.com/williamkoller/payment-system/internal/payment/application/usecase.go:69.2,71.54 2 0
github.com/williamkoller/payment-system/internal/payment/application/usecase.go:71.54,73.3 1 0
github.com/williamkoller/payment-system/internal/payment/application/usecase.go:75.2,76.16 2 0
github.com/williamkoller/payment-system/internal/payment/application/usecase.go:76.16,80.3 3 0
github.com/williamkoller/payment-system/internal/payment/application/usecase.go:82.2,85.53 3 0
github.com/williamkoller/payment-system/internal/payment/application/usecase.go:85.53,87.3 1 0
github.com/williamkoller/payment-system/internal/payment/application/usecase.go:89.2,89.21 1 0
github.com/williamkoller/payment-system/internal/payment/application/usecase.go:92.94,94.16 2 0
github.com/williamkoller/payment-system/internal/payment/application/usecase.go:94.16,96.3 1 0
github.com/williamkoller/payment-system/internal/payment/application/usecase.go:97.2,97.25 1 0
github.com/williamkoller/payment-system/internal/payment/application/usecase.go:97.25,99.3 1 0
github.com/williamkoller/payment-system/internal/payment/application/usecase.go:100.2,100.26 1 0
github.com/williamkoller/payment-system/internal/payment/application/usecase.go:103.107,105.16 2 0
github.com/williamkoller/payment-system/internal/payment/application/usecase.go:105.16,107.3 1 0
github.com/williamkoller/payment-system/internal/payment/application/usecase.go:109.2,109.28 1 0
github.com/williamkoller/payment-system/internal/payment/application/usecase.go:109.28,111.3 1 0
github.com/williamkoller/payment-system/internal/payment/application/usecase.go:113.2,114.16 2 0
github.com/williamkoller/payment-system/internal/payment/application/usecase.go:114.16,118.3 3 0
github.com/williamkoller/payment-system/internal/payment/application/usecase.go:120.2,121.53 2 0
github.com/williamkoller/payment-system/internal/payment/application/usecase.go:121.53,123.3 1 0
github.com/williamkoller/payment-system/internal/payment/application/usecase.go:125.2,125.21 1 0
github.com/williamkoller/payment-system/internal/payment/application/usecase.go:128.106,130.16 2 0
github.com/williamkoller/payment-system/internal/payment/application/usecase.go:130.16,132.3 1 0
github.com/williamkoller/payment-system/internal/payment/application/usecase.go:134.2,134.28 1 0
github.com/williamkoller/payment-system/internal/payment/application/usecase.go:134.28,136.3 1 0
github.com/williamkoller/payment-system/internal/payment/application/usecase.go:138.2,138.44 1 0
github.com/williamkoller/payment-system/internal/payment/application/usecase.go:138.44,142.3 3 0
github.com/williamkoller/payment-system/internal/payment/application/usecase.go:144.2,145.16 2 0
github.com/williamkoller/payment-system/internal/payment/application/usecase.go:145.16,147.33 2 0
github.com/williamkoller/payment-system/internal/payment/application/usecase.go:147.33,148.70 1 0
github.com/williamkoller/payment-system/internal/payment/application/usecase.go:148.70,152.5 3 0
github.com/williamkoller/payment-system/internal/payment/application/usecase.go:154.4,154.73 1 0
github.com/williamkoller/payment-system/internal/payment/application/usecase.go:154.73,156.5 1 0
github.com/williamkoller/payment-system/internal/payment/application/usecase.go:158.4,158.39 1 0
github.com/williamkoller/payment-system/internal/payment/application/usecase.go:158.39,160.5 1 0
github.com/williamkoller/payment-system/internal/payment/application/usecase.go:163.3,165.62 3 0
github.com/williamkoller/payment-system/internal/payment/application/usecase.go:168.2,169.53 2 0
github.com/williamkoller/payment-system/internal/payment/application/usecase.go:169.53,171.3 1 0
github.com/williamkoller/payment-system/internal/payment/application/usecase.go:172.2,172.21 1 0
github.com/williamkoller/payment-system/internal/payment/application/usecase.go:175.134,177.16 2 0
github.com/williamkoller/payment-system/internal/payment/application/usecase.go:177.16,179.3 1 0
github.com/williamkoller/payment-system/internal/payment/application/usecase.go:181.2,181.28 1 0
github.com/williamkoller/payment-system/internal/payment/application/usecase.go:181.28,183.3 1 0
github.com/williamkoller/payment-system/internal/payment/application/usecase.go:185.2,185.44 1 0
github.com/williamkoller/payment-system/internal/payment/application/usecase.go:185.44,189.3 3 0
github.com/williamkoller/payment-system/internal/payment/application/usecase.go:191.2,192.16 2 0
github.com/williamkoller/payment-system/internal/payment/application/usecase.go:192.16,196.3 3 0
github.com/williamkoller/payment-system/internal/payment/application/usecase.go:198.2,199.53 2 0
github.com/williamkoller/payment-system/internal/payment/application/usecase.go:199.53,201.3 1 0
github.com/williamkoller/payment-system/internal/payment/application/usecase.go:203.2,203.21 1 0
github.com/williamkoller/payment-system/internal/payment/router/payment.go:12.46,18.2 6 0
github.com/williamkoller/payment-system/internal/payment/router/payment.go:18.2,24.3 5 0
github.com/williamkoller/payment-system/pkg/logger/logger.go:18.36,19.17 1 0
github.com/williamkoller/payment-system/pkg/logger/logger.go:19.17,22.15 2 0
github.com/williamkoller/payment-system/pkg/logger/logger.go:23.14,24.45 1 0
github.com/williamkoller/payment-system/pkg/logger/logger.go:25.11,29.36 4 0
github.com/williamkoller/payment-system/pkg/logger/logger.go:32.3,32.21 1 0
github.com/williamkoller/payment-system/pkg/logger/logger.go:32.21,35.4 2 0
github.com/williamkoller/payment-system/pkg/logger/logger.go:37.3,37.29 1 0
github.com/williamkoller/payment-system/pkg/logger/logger.go:40.2,40.16 1 0
github.com/williamkoller/payment-system/pkg/logger/logger.go:43.67,44.19 1 0
github.com/williamkoller/payment-system/pkg/logger/logger.go:44.19,47.3 2 0
github.com/williamkoller/payment-system/pkg/logger/logger.go:48.2,48.42 1 0
github.com/williamkoller/payment-system/pkg/logger/logger.go:51.61,53.27 2 0
github.com/williamkoller/payment-system/pkg/logger/logger.go:53.27,55.3 1 0
github.com/williamkoller/payment-system/pkg/logger/logger.go:56.2,56.10 1 0
github.com/williamkoller/payment-system/pkg/logger/logger.go:59.46,60.19 1 0
github.com/williamkoller/payment-system/pkg/logger/logger.go:60.19,62.3 1 0
github.com/williamkoller/payment-system/pkg/logger/logger.go:65.47,66.19 1 0
github.com/williamkoller/payment-system/pkg/logger/logger.go:66.19,68.3 1 0
github.com/williamkoller/payment-system/pkg/logger/logger.go:71.47,72.19 1 0
github.com/williamkoller/payment-system/pkg/logger/logger.go:72.19,74.3 1 0
github.com/williamkoller/payment-system/pkg/logger/logger.go:77.13,78.19 1 0
github.com/williamkoller/payment-system/pkg/logger/logger.go:78.19,80.3 1 0
github.com/williamkoller/payment-system/pkg/logger/logger.go:83.35,84.19 1 0
github.com/williamkoller/payment-system/pkg/logger/logger.go:84.19,87.3 2 0
github.com/williamkoller/payment-system/pkg/logger/logger.go:88.2,88.15 1 0
github.com/williamkoller/payment-system/pkg/ulid/ulid.go:10.23,14.2 3 0
github.com/williamkoller/payment-system/internal/webhook/router/webhook.go:11.53,13.16 2 0
github.com/williamkoller/payment-system/internal/webhook/router/webhook.go:13.16,14.53 1 0
github.com/williamkoller/payment-system/internal/webhook/router/webhook.go:17.2,21.43 4 0
github.com/williamkoller/payment-system/internal/webhook/stripe/handler.go:19.95,21.2 1 0
github.com/williamkoller/payment-system/internal/webhook/stripe/handler.go:23.55,28.16 4 0
github.com/williamkoller/payment-system/internal/webhook/stripe/handler.go:28.16,32.3 3 0
github.com/williamkoller/payment-system/internal/webhook/stripe/handler.go:34.2,36.16 3 0
github.com/williamkoller/payment-system/internal/webhook/stripe/handler.go:36.16,40.3 3 0
github.com/williamkoller/payment-system/internal/webhook/stripe/handler.go:42.2,44.20 2 0
github.com/williamkoller/payment-system/internal/webhook/stripe/handler.go:45.34,47.61 2 0
github.com/williamkoller/payment-system/internal/webhook/stripe/handler.go:47.61,49.4 1 0
github.com/williamkoller/payment-system/internal/webhook/stripe/handler.go:49.9,50.59 1 0
github.com/williamkoller/payment-system/internal/webhook/stripe/handler.go:50.59,52.5 1 0
github.com/williamkoller/payment-system/internal/webhook/stripe/handler.go:54.39,56.61 2 0
github.com/williamkoller/payment-system/internal/webhook/stripe/handler.go:56.61,58.4 1 0
github.com/williamkoller/payment-system/internal/webhook/stripe/handler.go:58.9,59.56 1 0
github.com/williamkoller/payment-system/internal/webhook/stripe/handler.go:59.56,61.5 1 0
github.com/williamkoller/payment-system/internal/webhook/stripe/handler.go:63.10,64.71 1 0
github.com/williamkoller/payment-system/internal/webhook/stripe/handler.go:67.2,67.25 1 0
github.com/williamkoller/payment-system/internal/webhook/stripe/processor.go:14.85,16.2 1 0
github.com/williamkoller/payment-system/internal/webhook/stripe/processor.go:18.75,19.15 1 0
github.com/williamkoller/payment-system/internal/webhook/stripe/processor.go:19.15,21.3 1 0
github.com/williamkoller/payment-system/internal/webhook/stripe/processor.go:23.2,24.16 2 0
github.com/williamkoller/payment-system/internal/webhook/stripe/processor.go:24.16,26.3 1 0
github.com/williamkoller/payment-system/internal/webhook/stripe/processor.go:27.2,28.38 2 0
github.com/williamkoller/payment-system/internal/webhook/stripe/processor.go:31.72,32.15 1 0
github.com/williamkoller/payment-system/internal/webhook/stripe/processor.go:32.15,34.3 1 0
github.com/williamkoller/payment-system/internal/webhook/stripe/processor.go:35.2,36.16 2 0
github.com/williamkoller/payment-system/internal/webhook/stripe/processor.go:36.16,38.3 1 0
github.com/williamkoller/payment-system/internal/webhook/stripe/processor.go:39.2,40.38 2 0
github.com/williamkoller/payment-system/internal/payment/repository/payment_repository.go:22.63,24.2 1 1
github.com/williamkoller/payment-system/internal/payment/repository/payment_repository.go:26.88,27.52 1 1
github.com/williamkoller/payment-system/internal/payment/repository/payment_repository.go:27.52,29.3 1 1
github.com/williamkoller/payment-system/internal/payment/repository/payment_repository.go:30.2,30.21 1 1
github.com/williamkoller/payment-system/internal/payment/repository/payment_repository.go:33.78,35.65 2 1
github.com/williamkoller/payment-system/internal/payment/repository/payment_repository.go:35.65,37.3 1 1
github.com/williamkoller/payment-system/internal/payment/repository/payment_repository.go:38.2,38.22 1 1
github.com/williamkoller/payment-system/internal/payment/repository/payment_repository.go:41.70,43.51 2 1
github.com/williamkoller/payment-system/internal/payment/repository/payment_repository.go:43.51,45.3 1 1
github.com/williamkoller/payment-system/internal/payment/repository/payment_repository.go:46.2,46.22 1 1
github.com/williamkoller/payment-system/internal/payment/repository/payment_repository.go:49.57,51.2 1 1
github.com/williamkoller/payment-system/internal/payment/repository/payment_repository.go:53.65,58.2 1 1
github.com/williamkoller/payment-system/internal/payment/repository/payment_repository.go:60.90,62.78 2 0
github.com/williamkoller/payment-system/internal/payment/repository/payment_repository.go:62.78,64.3 1 0
github.com/williamkoller/payment-system/internal/payment/repository/payment_repository.go:65.2,65.22 1 0
github.com/williamkoller/payment-system/internal/payment/repository/payment_repository.go:68.102,70.90 2 0
github.com/williamkoller/payment-system/internal/payment/repository/payment_repository.go:70.90,72.3 1 0
github.com/williamkoller/payment-system/internal/payment/repository/payment_repository.go:74.2,74.22 1 0
